<?xml version="1.0" encoding="UTF-8"?>
<testng-results skipped="0" failed="0" ignored="0" total="1" passed="1">
  <reporter-output>
  </reporter-output>
  <suite name="Default suite" duration-ms="108317" started-at="2019-07-09T09:42:02Z" finished-at="2019-07-09T09:43:50Z">
    <groups>
    </groups>
    <test name="Default test" duration-ms="108317" started-at="2019-07-09T09:42:02Z" finished-at="2019-07-09T09:43:50Z">
      <class name="com.training.sanity.tests.RETC_044">
        <test-method status="PASS" signature="setUpBeforeClass()[pri:0, instance:com.training.sanity.tests.RETC_044@47c62251]" name="setUpBeforeClass" is-config="true" duration-ms="19" started-at="2019-07-09T09:42:02Z" finished-at="2019-07-09T09:42:02Z">
          <reporter-output>
          </reporter-output>
        </test-method> <!-- setUpBeforeClass -->
        <test-method status="PASS" signature="setUp()[pri:0, instance:com.training.sanity.tests.RETC_044@47c62251]" name="setUp" is-config="true" duration-ms="28196" started-at="2019-07-09T09:42:02Z" finished-at="2019-07-09T09:42:30Z">
          <reporter-output>
          </reporter-output>
        </test-method> <!-- setUp -->
        <test-method status="PASS" signature="RETC_045()[pri:0, instance:com.training.sanity.tests.RETC_044@47c62251]" name="RETC_045" duration-ms="80068" started-at="2019-07-09T09:42:30Z" finished-at="2019-07-09T09:43:50Z">
          <reporter-output>
          </reporter-output>
        </test-method> <!-- RETC_045 -->
      </class> <!-- com.training.sanity.tests.RETC_044 -->
    </test> <!-- Default test -->
  </suite> <!-- Default suite -->
</testng-results>
